This is pdfTeX, Version 3.14159265-2.6-1.40.18 (TeX Live 2017) (preloaded format=pdflatex 2017.8.14)  21 FEB 2018 23:31
entering extended mode
 restricted \write18 enabled.
 %&-line parsing enabled.
**Finalwriteup_PS3.tex
(./Finalwriteup_PS3.tex
LaTeX2e <2017-04-15>
Babel <3.10> and hyphenation patterns for 84 language(s) loaded.
(/usr/local/texlive/2017/texmf-dist/tex/latex/base/article.cls
Document Class: article 2014/09/29 v1.4h Standard LaTeX document class
(/usr/local/texlive/2017/texmf-dist/tex/latex/base/size10.clo
File: size10.clo 2014/09/29 v1.4h Standard LaTeX file (size option)
)
\c@part=\count79
\c@section=\count80
\c@subsection=\count81
\c@subsubsection=\count82
\c@paragraph=\count83
\c@subparagraph=\count84
\c@figure=\count85
\c@table=\count86
\abovecaptionskip=\skip41
\belowcaptionskip=\skip42
\bibindent=\dimen102
)
(/usr/local/texlive/2017/texmf-dist/tex/latex/graphics/graphicx.sty
Package: graphicx 2014/10/28 v1.0g Enhanced LaTeX Graphics (DPC,SPQR)

(/usr/local/texlive/2017/texmf-dist/tex/latex/graphics/keyval.sty
Package: keyval 2014/10/28 v1.15 key=value parser (DPC)
\KV@toks@=\toks14
)
(/usr/local/texlive/2017/texmf-dist/tex/latex/graphics/graphics.sty
Package: graphics 2017/04/14 v1.1b Standard LaTeX Graphics (DPC,SPQR)

(/usr/local/texlive/2017/texmf-dist/tex/latex/graphics/trig.sty
Package: trig 2016/01/03 v1.10 sin cos tan (DPC)
)
(/usr/local/texlive/2017/texmf-dist/tex/latex/graphics-cfg/graphics.cfg
File: graphics.cfg 2016/06/04 v1.11 sample graphics configuration
)
Package graphics Info: Driver file: pdftex.def on input line 99.

(/usr/local/texlive/2017/texmf-dist/tex/latex/graphics-def/pdftex.def
File: pdftex.def 2017/01/12 v0.06k Graphics/color for pdfTeX

(/usr/local/texlive/2017/texmf-dist/tex/generic/oberdiek/infwarerr.sty
Package: infwarerr 2016/05/16 v1.4 Providing info/warning/error messages (HO)
)
(/usr/local/texlive/2017/texmf-dist/tex/generic/oberdiek/ltxcmds.sty
Package: ltxcmds 2016/05/16 v1.23 LaTeX kernel commands for general use (HO)
)
\Gread@gobject=\count87
))
\Gin@req@height=\dimen103
\Gin@req@width=\dimen104
)
(/usr/local/texlive/2017/texmf-dist/tex/latex/graphics/color.sty
Package: color 2016/07/10 v1.1e Standard LaTeX Color (DPC)

(/usr/local/texlive/2017/texmf-dist/tex/latex/graphics-cfg/color.cfg
File: color.cfg 2016/01/02 v1.6 sample color configuration
)
Package color Info: Driver file: pdftex.def on input line 147.
)
(/usr/local/texlive/2017/texmf-dist/tex/latex/framed/framed.sty
Package: framed 2011/10/22 v 0.96: framed or shaded text with page breaks
\OuterFrameSep=\skip43
\fb@frw=\dimen105
\fb@frh=\dimen106
\FrameRule=\dimen107
\FrameSep=\dimen108
)
(/usr/local/texlive/2017/texmf-dist/tex/latex/base/alltt.sty
Package: alltt 1997/06/16 v2.0g defines alltt environment
)
(/usr/local/texlive/2017/texmf-dist/tex/latex/parskip/parskip.sty
Package: parskip 2001/04/09 non-zero parskip adjustments
)
(/usr/local/texlive/2017/texmf-dist/tex/latex/amsmath/amsmath.sty
Package: amsmath 2016/11/05 v2.16a AMS math features
\@mathmargin=\skip44

For additional information on amsmath, use the `?' option.
(/usr/local/texlive/2017/texmf-dist/tex/latex/amsmath/amstext.sty
Package: amstext 2000/06/29 v2.01 AMS text

(/usr/local/texlive/2017/texmf-dist/tex/latex/amsmath/amsgen.sty
File: amsgen.sty 1999/11/30 v2.0 generic functions
\@emptytoks=\toks15
\ex@=\dimen109
))
(/usr/local/texlive/2017/texmf-dist/tex/latex/amsmath/amsbsy.sty
Package: amsbsy 1999/11/29 v1.2d Bold Symbols
\pmbraise@=\dimen110
)
(/usr/local/texlive/2017/texmf-dist/tex/latex/amsmath/amsopn.sty
Package: amsopn 2016/03/08 v2.02 operator names
)
\inf@bad=\count88
LaTeX Info: Redefining \frac on input line 213.
\uproot@=\count89
\leftroot@=\count90
LaTeX Info: Redefining \overline on input line 375.
\classnum@=\count91
\DOTSCASE@=\count92
LaTeX Info: Redefining \ldots on input line 472.
LaTeX Info: Redefining \dots on input line 475.
LaTeX Info: Redefining \cdots on input line 596.
\Mathstrutbox@=\box26
\strutbox@=\box27
\big@size=\dimen111
LaTeX Font Info:    Redeclaring font encoding OML on input line 712.
LaTeX Font Info:    Redeclaring font encoding OMS on input line 713.
\macc@depth=\count93
\c@MaxMatrixCols=\count94
\dotsspace@=\muskip10
\c@parentequation=\count95
\dspbrk@lvl=\count96
\tag@help=\toks16
\row@=\count97
\column@=\count98
\maxfields@=\count99
\andhelp@=\toks17
\eqnshift@=\dimen112
\alignsep@=\dimen113
\tagshift@=\dimen114
\tagwidth@=\dimen115
\totwidth@=\dimen116
\lineht@=\dimen117
\@envbody=\toks18
\multlinegap=\skip45
\multlinetaggap=\skip46
\mathdisplay@stack=\toks19
LaTeX Info: Redefining \[ on input line 2817.
LaTeX Info: Redefining \] on input line 2818.
)
(/usr/local/texlive/2017/texmf-dist/tex/latex/lineno/lineno.sty
Package: lineno 2005/11/02 line numbers on paragraphs v4.41
\linenopenalty=\count100
\output=\toks20
\linenoprevgraf=\count101
\linenumbersep=\dimen118
\linenumberwidth=\dimen119
\c@linenumber=\count102
\c@pagewiselinenumber=\count103
\c@LN@truepage=\count104
\c@internallinenumber=\count105
\c@internallinenumbers=\count106
\quotelinenumbersep=\dimen120
\bframerule=\dimen121
\bframesep=\dimen122
\bframebox=\box28
LaTeX Info: Redefining \\ on input line 3056.
)
(/usr/local/texlive/2017/texmf-dist/tex/latex/enumitem/enumitem.sty
Package: enumitem 2011/09/28 v3.5.2 Customized lists
\labelindent=\skip47
\enit@outerparindent=\dimen123
\enit@toks=\toks21
\enit@inbox=\box29
\enitdp@description=\count107
)
(/usr/local/texlive/2017/texmf-dist/tex/latex/float/float.sty
Package: float 2001/11/08 v1.3d Float enhancements (AL)
\c@float@type=\count108
\float@exts=\toks22
\float@box=\box30
\@float@everytoks=\toks23
\@floatcapt=\box31
)
(/usr/local/texlive/2017/texmf-dist/tex/latex/geometry/geometry.sty
Package: geometry 2010/09/12 v5.6 Page Geometry

(/usr/local/texlive/2017/texmf-dist/tex/generic/oberdiek/ifpdf.sty
Package: ifpdf 2017/03/15 v3.2 Provides the ifpdf switch
)
(/usr/local/texlive/2017/texmf-dist/tex/generic/oberdiek/ifvtex.sty
Package: ifvtex 2016/05/16 v1.6 Detect VTeX and its facilities (HO)
Package ifvtex Info: VTeX not detected.
)
(/usr/local/texlive/2017/texmf-dist/tex/generic/ifxetex/ifxetex.sty
Package: ifxetex 2010/09/12 v0.6 Provides ifxetex conditional
)
\Gm@cnth=\count109
\Gm@cntv=\count110
\c@Gm@tempcnt=\count111
\Gm@bindingoffset=\dimen124
\Gm@wd@mp=\dimen125
\Gm@odd@mp=\dimen126
\Gm@even@mp=\dimen127
\Gm@layoutwidth=\dimen128
\Gm@layoutheight=\dimen129
\Gm@layouthoffset=\dimen130
\Gm@layoutvoffset=\dimen131
\Gm@dimlist=\toks24
)
(/usr/local/texlive/2017/texmf-dist/tex/latex/upquote/upquote.sty
Package: upquote 2012/04/19 v1.3 upright-quote and grave-accent glyphs in verba
tim
)
(./Finalwriteup_PS3.aux)
\openout1 = `Finalwriteup_PS3.aux'.

LaTeX Font Info:    Checking defaults for OML/cmm/m/it on input line 69.
LaTeX Font Info:    ... okay on input line 69.
LaTeX Font Info:    Checking defaults for T1/cmr/m/n on input line 69.
LaTeX Font Info:    ... okay on input line 69.
LaTeX Font Info:    Checking defaults for OT1/cmr/m/n on input line 69.
LaTeX Font Info:    ... okay on input line 69.
LaTeX Font Info:    Checking defaults for OMS/cmsy/m/n on input line 69.
LaTeX Font Info:    ... okay on input line 69.
LaTeX Font Info:    Checking defaults for OMX/cmex/m/n on input line 69.
LaTeX Font Info:    ... okay on input line 69.
LaTeX Font Info:    Checking defaults for U/cmr/m/n on input line 69.
LaTeX Font Info:    ... okay on input line 69.

(/usr/local/texlive/2017/texmf-dist/tex/context/base/mkii/supp-pdf.mkii
[Loading MPS to PDF converter (version 2006.09.02).]
\scratchcounter=\count112
\scratchdimen=\dimen132
\scratchbox=\box32
\nofMPsegments=\count113
\nofMParguments=\count114
\everyMPshowfont=\toks25
\MPscratchCnt=\count115
\MPscratchDim=\dimen133
\MPnumerator=\count116
\makeMPintoPDFobject=\count117
\everyMPtoPDFconversion=\toks26
) (/usr/local/texlive/2017/texmf-dist/tex/generic/oberdiek/pdftexcmds.sty
Package: pdftexcmds 2017/03/19 v0.25 Utility functions of pdfTeX for LuaTeX (HO
)

(/usr/local/texlive/2017/texmf-dist/tex/generic/oberdiek/ifluatex.sty
Package: ifluatex 2016/05/16 v1.4 Provides the ifluatex switch (HO)
Package ifluatex Info: LuaTeX not detected.
)
Package pdftexcmds Info: LuaTeX not detected.
Package pdftexcmds Info: \pdf@primitive is available.
Package pdftexcmds Info: \pdf@ifprimitive is available.
Package pdftexcmds Info: \pdfdraftmode found.
)
(/usr/local/texlive/2017/texmf-dist/tex/latex/oberdiek/epstopdf-base.sty
Package: epstopdf-base 2016/05/15 v2.6 Base part for package epstopdf

(/usr/local/texlive/2017/texmf-dist/tex/latex/oberdiek/grfext.sty
Package: grfext 2016/05/16 v1.2 Manage graphics extensions (HO)

(/usr/local/texlive/2017/texmf-dist/tex/generic/oberdiek/kvdefinekeys.sty
Package: kvdefinekeys 2016/05/16 v1.4 Define keys (HO)
))
(/usr/local/texlive/2017/texmf-dist/tex/latex/oberdiek/kvoptions.sty
Package: kvoptions 2016/05/16 v3.12 Key value format for package options (HO)

(/usr/local/texlive/2017/texmf-dist/tex/generic/oberdiek/kvsetkeys.sty
Package: kvsetkeys 2016/05/16 v1.17 Key value parser (HO)

(/usr/local/texlive/2017/texmf-dist/tex/generic/oberdiek/etexcmds.sty
Package: etexcmds 2016/05/16 v1.6 Avoid name clashes with e-TeX commands (HO)
Package etexcmds Info: Could not find \expanded.
(etexcmds)             That can mean that you are not using pdfTeX 1.50 or
(etexcmds)             that some package has redefined \expanded.
(etexcmds)             In the latter case, load this package earlier.
)))
Package epstopdf-base Info: Redefining graphics rule for `.eps' on input line 4
38.
Package grfext Info: Graphics extension search list:
(grfext)             [.png,.pdf,.jpg,.mps,.jpeg,.jbig2,.jb2,.PNG,.PDF,.JPG,.JPE
G,.JBIG2,.JB2,.eps]
(grfext)             \AppendGraphicsExtensions on input line 456.

(/usr/local/texlive/2017/texmf-dist/tex/latex/latexconfig/epstopdf-sys.cfg
File: epstopdf-sys.cfg 2010/07/13 v1.3 Configuration of (r)epstopdf for TeX Liv
e
))
*geometry* driver: auto-detecting
*geometry* detected driver: pdftex
*geometry* verbose mode - [ preamble ] result:
* driver: pdftex
* paper: <default>
* layout: <same size as paper>
* layoutoffset:(h,v)=(0.0pt,0.0pt)
* modes: 
* h-part:(L,W,R)=(72.26999pt, 469.75502pt, 72.26999pt)
* v-part:(T,H,B)=(72.26999pt, 650.43001pt, 72.26999pt)
* \paperwidth=614.295pt
* \paperheight=794.96999pt
* \textwidth=469.75502pt
* \textheight=650.43001pt
* \oddsidemargin=0.0pt
* \evensidemargin=0.0pt
* \topmargin=-37.0pt
* \headheight=12.0pt
* \headsep=25.0pt
* \topskip=10.0pt
* \footskip=30.0pt
* \marginparwidth=65.0pt
* \marginparsep=11.0pt
* \columnsep=10.0pt
* \skip\footins=9.0pt plus 4.0pt minus 2.0pt
* \hoffset=0.0pt
* \voffset=0.0pt
* \mag=1000
* \@twocolumnfalse
* \@twosidefalse
* \@mparswitchfalse
* \@reversemarginfalse
* (1in=72.27pt=25.4mm, 1cm=28.453pt)

Package color Info: Redefining color shadecolor on input line 93.
<figure/graph1-1.pdf, id=1, 578.16pt x 289.08pt>
File: figure/graph1-1.pdf Graphic file (type pdf)
 <use figure/graph1-1.pdf>
Package pdftex.def Info: figure/graph1-1.pdf used on input line 95.
(pdftex.def)             Requested size: 469.75502pt x 234.8769pt.

[1

{/usr/local/texlive/2017/texmf-var/fonts/map/pdftex/updmap/pdftex.map}]
Package color Info: Redefining color shadecolor on input line 108.
LaTeX Font Info:    Font shape `OT1/cmtt/bx/n' in size <10> not available
(Font)              Font shape `OT1/cmtt/m/n' tried instead on input line 111.
Package color Info: Redefining color shadecolor on input line 127.

<figure/graph2-1.pdf, id=21, 578.16pt x 289.08pt>
File: figure/graph2-1.pdf Graphic file (type pdf)
 <use figure/graph2-1.pdf>
Package pdftex.def Info: figure/graph2-1.pdf used on input line 129.
(pdftex.def)             Requested size: 469.75502pt x 234.8769pt.

[2 <./figure/graph1-1.pdf>]
Package color Info: Redefining color shadecolor on input line 150.
 <figure/graph3-1.pdf, id=32, 578.16pt x 289.08pt>
File: figure/graph3-1.pdf Graphic file (type pdf)

<use figure/graph3-1.pdf>
Package pdftex.def Info: figure/graph3-1.pdf used on input line 152.
(pdftex.def)             Requested size: 469.75502pt x 234.8769pt.
 [3 <./figure/graph2-1.pdf>]
Package color Info: Redefining color shadecolor on input line 167.
Package color Info: Redefining color shadecolor on input line 182.

Overfull \hbox (43.49075pt too wide) in paragraph at lines 185--186
[]\OT1/cmtt/m/n/10 ## Warning in file(file, "rt"): cannot open file 'emp-rasch.
txt': No such file or directory[] 
 []


Underfull \vbox (badness 10000) detected at line 211
 []

[4 <./figure/graph3-1.pdf>]
Package color Info: Redefining color shadecolor on input line 222.

<figure/unnamed-chunk-5-1.pdf, id=51, 578.16pt x 289.08pt>
File: figure/unnamed-chunk-5-1.pdf Graphic file (type pdf)

<use figure/unnamed-chunk-5-1.pdf>
Package pdftex.def Info: figure/unnamed-chunk-5-1.pdf used on input line 224.
(pdftex.def)             Requested size: 266.8557pt x 133.42833pt.

<figure/unnamed-chunk-5-2.pdf, id=52, 578.16pt x 289.08pt>
File: figure/unnamed-chunk-5-2.pdf Graphic file (type pdf)

<use figure/unnamed-chunk-5-2.pdf>
Package pdftex.def Info: figure/unnamed-chunk-5-2.pdf used on input line 231.
(pdftex.def)             Requested size: 266.8557pt x 133.42833pt.
 [5 <./figure/unnamed-chunk-5-1.pdf>]
Package color Info: Redefining color shadecolor on input line 245.

<figure/unnamed-chunk-6-1.pdf, id=61, 578.16pt x 289.08pt>
File: figure/unnamed-chunk-6-1.pdf Graphic file (type pdf)

<use figure/unnamed-chunk-6-1.pdf>
Package pdftex.def Info: figure/unnamed-chunk-6-1.pdf used on input line 247.
(pdftex.def)             Requested size: 266.8557pt x 133.42833pt.
Package color Info: Redefining color shadecolor on input line 259.

<figure/unnamed-chunk-7-1.pdf, id=62, 578.16pt x 289.08pt>
File: figure/unnamed-chunk-7-1.pdf Graphic file (type pdf)

<use figure/unnamed-chunk-7-1.pdf>
Package pdftex.def Info: figure/unnamed-chunk-7-1.pdf used on input line 261.
(pdftex.def)             Requested size: 222.37749pt x 111.18806pt.
 [6 <./figure/unnamed-chunk-5-2.pdf> <./figure/unnamed-chunk-6-1.pdf> <./figure
/unnamed-chunk-7-1.pdf>]
<NDECorrelations.png, id=82, 481.8pt x 481.8pt>
File: NDECorrelations.png Graphic file (type png)
 <use NDECorrelations.png>
Package pdftex.def Info: NDECorrelations.png used on input line 276.
(pdftex.def)             Requested size: 216.80798pt x 216.80798pt.
Package color Info: Redefining color shadecolor on input line 295.

<figure/unnamed-chunk-8-1.pdf, id=84, 578.16pt x 289.08pt>
File: figure/unnamed-chunk-8-1.pdf Graphic file (type pdf)

<use figure/unnamed-chunk-8-1.pdf>
Package pdftex.def Info: figure/unnamed-chunk-8-1.pdf used on input line 297.
(pdftex.def)             Requested size: 266.8557pt x 133.42833pt.
 [7 <./NDECorrelations.png>]
Package color Info: Redefining color shadecolor on input line 323.

<figure/unnamed-chunk-10-1.pdf, id=90, 578.16pt x 289.08pt>
File: figure/unnamed-chunk-10-1.pdf Graphic file (type pdf)

<use figure/unnamed-chunk-10-1.pdf>
Package pdftex.def Info: figure/unnamed-chunk-10-1.pdf used on input line 328.
(pdftex.def)             Requested size: 333.56624pt x 166.77989pt.
 [8 <./figure/unnamed-chunk-8-1.pdf>]
Package color Info: Redefining color shadecolor on input line 344.

<figure/unnamed-chunk-11-1.pdf, id=100, 578.16pt x 289.08pt>
File: figure/unnamed-chunk-11-1.pdf Graphic file (type pdf)

<use figure/unnamed-chunk-11-1.pdf>
Package pdftex.def Info: figure/unnamed-chunk-11-1.pdf used on input line 346.
(pdftex.def)             Requested size: 266.8557pt x 133.42833pt.
Package color Info: Redefining color shadecolor on input line 358.

<figure/unnamed-chunk-12-1.pdf, id=101, 578.16pt x 289.08pt>
File: figure/unnamed-chunk-12-1.pdf Graphic file (type pdf)

<use figure/unnamed-chunk-12-1.pdf>
Package pdftex.def Info: figure/unnamed-chunk-12-1.pdf used on input line 363.
(pdftex.def)             Requested size: 266.8557pt x 133.42833pt.
 [9 <./figure/unnamed-chunk-10-1.pdf> <./figure/unnamed-chunk-11-1.pdf>]
Package color Info: Redefining color shadecolor on input line 375.

<figure/unnamed-chunk-13-1.pdf, id=116, 578.16pt x 289.08pt>
File: figure/unnamed-chunk-13-1.pdf Graphic file (type pdf)

<use figure/unnamed-chunk-13-1.pdf>
Package pdftex.def Info: figure/unnamed-chunk-13-1.pdf used on input line 380.
(pdftex.def)             Requested size: 281.85587pt x 140.92703pt.

<figure/unnamed-chunk-13-2.pdf, id=117, 578.16pt x 289.08pt>
File: figure/unnamed-chunk-13-2.pdf Graphic file (type pdf)

<use figure/unnamed-chunk-13-2.pdf>
Package pdftex.def Info: figure/unnamed-chunk-13-2.pdf used on input line 389.
(pdftex.def)             Requested size: 281.85587pt x 140.92703pt.

<figure/unnamed-chunk-13-3.pdf, id=118, 578.16pt x 289.08pt>
File: figure/unnamed-chunk-13-3.pdf Graphic file (type pdf)

<use figure/unnamed-chunk-13-3.pdf>
Package pdftex.def Info: figure/unnamed-chunk-13-3.pdf used on input line 398.
(pdftex.def)             Requested size: 281.85587pt x 140.92703pt.
 [10 <./figure/unnamed-chunk-12-1.pdf> <./figure/unnamed-chunk-13-1.pdf> <./fig
ure/unnamed-chunk-13-2.pdf>]
Package color Info: Redefining color shadecolor on input line 415.

<figure/unnamed-chunk-14-1.pdf, id=139, 578.16pt x 289.08pt>
File: figure/unnamed-chunk-14-1.pdf Graphic file (type pdf)

<use figure/unnamed-chunk-14-1.pdf>
Package pdftex.def Info: figure/unnamed-chunk-14-1.pdf used on input line 417.
(pdftex.def)             Requested size: 444.75499pt x 222.37614pt.

<figure/unnamed-chunk-14-2.pdf, id=140, 578.16pt x 289.08pt>
File: figure/unnamed-chunk-14-2.pdf Graphic file (type pdf)

<use figure/unnamed-chunk-14-2.pdf>
Package pdftex.def Info: figure/unnamed-chunk-14-2.pdf used on input line 424.
(pdftex.def)             Requested size: 444.75499pt x 222.37614pt.
 [11 <./figure/unnamed-chunk-13-3.pdf> <./figure/unnamed-chunk-14-1.pdf>]
Package color Info: Redefining color shadecolor on input line 439.

<figure/unnamed-chunk-15-1.pdf, id=157, 578.16pt x 289.08pt>
File: figure/unnamed-chunk-15-1.pdf Graphic file (type pdf)

<use figure/unnamed-chunk-15-1.pdf>
Package pdftex.def Info: figure/unnamed-chunk-15-1.pdf used on input line 441.
(pdftex.def)             Requested size: 266.8557pt x 133.42833pt.
Package color Info: Redefining color shadecolor on input line 456.

<figure/unnamed-chunk-16-1.pdf, id=158, 578.16pt x 289.08pt>
File: figure/unnamed-chunk-16-1.pdf Graphic file (type pdf)

<use figure/unnamed-chunk-16-1.pdf>
Package pdftex.def Info: figure/unnamed-chunk-16-1.pdf used on input line 458.
(pdftex.def)             Requested size: 222.37749pt x 111.18806pt.
 [12 <./figure/unnamed-chunk-14-2.pdf> <./figure/unnamed-chunk-15-1.pdf> <./fig
ure/unnamed-chunk-16-1.pdf>]
Package color Info: Redefining color shadecolor on input line 473.

<figure/unnamed-chunk-17-1.pdf, id=182, 578.16pt x 289.08pt>
File: figure/unnamed-chunk-17-1.pdf Graphic file (type pdf)

<use figure/unnamed-chunk-17-1.pdf>
Package pdftex.def Info: figure/unnamed-chunk-17-1.pdf used on input line 475.
(pdftex.def)             Requested size: 222.37749pt x 111.18806pt.
Package color Info: Redefining color shadecolor on input line 493.

<figure/unnamed-chunk-18-1.pdf, id=183, 578.16pt x 289.08pt>
File: figure/unnamed-chunk-18-1.pdf Graphic file (type pdf)

<use figure/unnamed-chunk-18-1.pdf>
Package pdftex.def Info: figure/unnamed-chunk-18-1.pdf used on input line 498.
(pdftex.def)             Requested size: 266.8557pt x 133.42833pt.
Package color Info: Redefining color shadecolor on input line 515.

<figure/unnamed-chunk-20-1.pdf, id=184, 578.16pt x 289.08pt>
File: figure/unnamed-chunk-20-1.pdf Graphic file (type pdf)

<use figure/unnamed-chunk-20-1.pdf>
Package pdftex.def Info: figure/unnamed-chunk-20-1.pdf used on input line 517.
(pdftex.def)             Requested size: 281.85587pt x 140.92703pt.

<figure/unnamed-chunk-20-2.pdf, id=185, 578.16pt x 289.08pt>
File: figure/unnamed-chunk-20-2.pdf Graphic file (type pdf)

<use figure/unnamed-chunk-20-2.pdf>
Package pdftex.def Info: figure/unnamed-chunk-20-2.pdf used on input line 526.
(pdftex.def)             Requested size: 281.85587pt x 140.92703pt.
 [13 <./figure/unnamed-chunk-17-1.pdf> <./figure/unnamed-chunk-18-1.pdf> <./fig
ure/unnamed-chunk-20-1.pdf>]
<figure/unnamed-chunk-20-3.pdf, id=208, 578.16pt x 289.08pt>
File: figure/unnamed-chunk-20-3.pdf Graphic file (type pdf)

<use figure/unnamed-chunk-20-3.pdf>
Package pdftex.def Info: figure/unnamed-chunk-20-3.pdf used on input line 535.
(pdftex.def)             Requested size: 281.85587pt x 140.92703pt.
Package color Info: Redefining color shadecolor on input line 552.

<figure/unnamed-chunk-21-1.pdf, id=209, 578.16pt x 198.7425pt>
File: figure/unnamed-chunk-21-1.pdf Graphic file (type pdf)

<use figure/unnamed-chunk-21-1.pdf>
Package pdftex.def Info: figure/unnamed-chunk-21-1.pdf used on input line 557.
(pdftex.def)             Requested size: 444.75499pt x 152.88359pt.
 [14 <./figure/unnamed-chunk-20-2.pdf> <./figure/unnamed-chunk-20-3.pdf> <./fig
ure/unnamed-chunk-21-1.pdf>] [15]
(./Finalwriteup_PS3.aux) ) 
Here is how much of TeX's memory you used:
 3412 strings out of 492995
 50576 string characters out of 6132704
 122446 words of memory out of 5000000
 6886 multiletter control sequences out of 15000+600000
 9044 words of font info for 34 fonts, out of 8000000 for 9000
 1141 hyphenation exceptions out of 8191
 39i,7n,25p,1226b,393s stack positions out of 5000i,500n,10000p,200000b,80000s
</usr/local/texlive/2017/texmf-dist/fonts/type1/publi
c/amsfonts/cm/cmbx12.pfb></usr/local/texlive/2017/texmf-dist/fonts/type1/public
/amsfonts/cm/cmex10.pfb></usr/local/texlive/2017/texmf-dist/fonts/type1/public/
amsfonts/cm/cmitt10.pfb></usr/local/texlive/2017/texmf-dist/fonts/type1/public/
amsfonts/cm/cmmi10.pfb></usr/local/texlive/2017/texmf-dist/fonts/type1/public/a
msfonts/cm/cmmi5.pfb></usr/local/texlive/2017/texmf-dist/fonts/type1/public/ams
fonts/cm/cmmi7.pfb></usr/local/texlive/2017/texmf-dist/fonts/type1/public/amsfo
nts/cm/cmr10.pfb></usr/local/texlive/2017/texmf-dist/fonts/type1/public/amsfont
s/cm/cmr12.pfb></usr/local/texlive/2017/texmf-dist/fonts/type1/public/amsfonts/
cm/cmr17.pfb></usr/local/texlive/2017/texmf-dist/fonts/type1/public/amsfonts/cm
/cmr5.pfb></usr/local/texlive/2017/texmf-dist/fonts/type1/public/amsfonts/cm/cm
r7.pfb></usr/local/texlive/2017/texmf-dist/fonts/type1/public/amsfonts/cm/cmss8
.pfb></usr/local/texlive/2017/texmf-dist/fonts/type1/public/amsfonts/cm/cmsy10.
pfb></usr/local/texlive/2017/texmf-dist/fonts/type1/public/amsfonts/cm/cmsy5.pf
b></usr/local/texlive/2017/texmf-dist/fonts/type1/public/amsfonts/cm/cmsy7.pfb>
</usr/local/texlive/2017/texmf-dist/fonts/type1/public/amsfonts/cm/cmtt10.pfb>
Output written on Finalwriteup_PS3.pdf (15 pages, 642997 bytes).
PDF statistics:
 285 PDF objects out of 1000 (max. 8388607)
 200 compressed objects within 2 object streams
 0 named destinations out of 1000 (max. 500000)
 126 words of extra memory for PDF output out of 10000 (max. 10000000)

